<?xml version="1.0" encoding="UTF-8"?>
<!-- Generated by org.testng.reporters.JUnitReportReporter -->
<testsuite hostname="DESKTOP-HVBBI7I" failures="0" tests="1" name="com.mystore.utilities.DataProvider" time="1.133" errors="0" timestamp="2022-03-07T23:27:44 IST" skipped="0">
  <testcase classname="com.mystore.utilities.DataProvider" name="readexcel" time="1.133"/>
  <system-out/>
</testsuite> <!-- com.mystore.utilities.DataProvider -->
