<?xml version="1.0" encoding="UTF-8"?>
<!-- Generated by org.testng.reporters.JUnitReportReporter -->
<testsuite hostname="DESKTOP-HVBBI7I" failures="0" tests="4" name="com.mystore.testcases.Indexpagetest" time="203.007" errors="0" timestamp="2022-03-10T11:01:56 IST" skipped="0">
  <testcase classname="com.mystore.testcases.Indexpagetest" name="verifylogo" time="53.092"/>
  <system-out/>
  <testcase classname="com.mystore.testcases.Indexpagetest" name="verifytitle" time="48.418"/>
  <system-out/>
  <testcase classname="com.mystore.testcases.Indexpagetest" name="verifylogo" time="53.066"/>
  <system-out/>
  <testcase classname="com.mystore.testcases.Indexpagetest" name="verifytitle" time="48.431"/>
  <system-out/>
</testsuite> <!-- com.mystore.testcases.Indexpagetest -->
